  (21)CStrings.c
  main.c
C:\Users\selcu\Masaüstü\WorkAllDay\Embedded Systems\C_Independets\HelloWorld\(21)CStrings.c(5,2): warning C4013: 'bolumBasi' undefined; assuming extern returning int
C:\Users\selcu\Masaüstü\WorkAllDay\Embedded Systems\C_Independets\HelloWorld\(21)CStrings.c(10,9): warning C4129: '%': unrecognized character escape sequence
C:\Users\selcu\Masaüstü\WorkAllDay\Embedded Systems\C_Independets\HelloWorld\(21)CStrings.c(10,9): warning C4473: 'printf' : not enough arguments passed for format string
  C:\Users\selcu\Masaüstü\WorkAllDay\Embedded Systems\C_Independets\HelloWorld\(21)CStrings.c(10,9):
  placeholders and their parameters expect 1 variadic arguments, but 0 were provided
  C:\Users\selcu\Masaüstü\WorkAllDay\Embedded Systems\C_Independets\HelloWorld\(21)CStrings.c(10,9):
  the missing variadic argument 1 is required by format string '%s'
  
C:\Users\selcu\Masaüstü\WorkAllDay\Embedded Systems\C_Independets\HelloWorld\(21)CStrings.c(64,25): warning C4047: '!=': 'int' differs in levels of indirection from 'void *'
C:\Users\selcu\Masaüstü\WorkAllDay\Embedded Systems\C_Independets\HelloWorld\(21)CStrings.c(70,26): warning C4013: 'toupper' undefined; assuming extern returning int
C:\Users\selcu\Masaüstü\WorkAllDay\Embedded Systems\C_Independets\HelloWorld\(21)CStrings.c(84,2): warning C4013: 'bolumSonu' undefined; assuming extern returning int
C:\Users\selcu\Masaüstü\WorkAllDay\Embedded Systems\C_Independets\HelloWorld\main.c(13,9): warning C4013: 'clrsrc' undefined; assuming extern returning int
C:\Users\selcu\Masaüstü\WorkAllDay\Embedded Systems\C_Independets\HelloWorld\main.c(44,17): warning C4013: 'dataTypesMain' undefined; assuming extern returning int
C:\Users\selcu\Masaüstü\WorkAllDay\Embedded Systems\C_Independets\HelloWorld\main.c(45,17): warning C4013: 'video4Main' undefined; assuming extern returning int
C:\Users\selcu\Masaüstü\WorkAllDay\Embedded Systems\C_Independets\HelloWorld\main.c(46,17): warning C4013: 'operators' undefined; assuming extern returning int
C:\Users\selcu\Masaüstü\WorkAllDay\Embedded Systems\C_Independets\HelloWorld\main.c(47,17): warning C4013: 'typeConverter' undefined; assuming extern returning int
C:\Users\selcu\Masaüstü\WorkAllDay\Embedded Systems\C_Independets\HelloWorld\main.c(48,17): warning C4013: 'boolComp' undefined; assuming extern returning int
C:\Users\selcu\Masaüstü\WorkAllDay\Embedded Systems\C_Independets\HelloWorld\main.c(49,17): warning C4013: 'ifElse' undefined; assuming extern returning int
C:\Users\selcu\Masaüstü\WorkAllDay\Embedded Systems\C_Independets\HelloWorld\main.c(50,18): warning C4013: 'ternaryOperators' undefined; assuming extern returning int
C:\Users\selcu\Masaüstü\WorkAllDay\Embedded Systems\C_Independets\HelloWorld\main.c(51,18): warning C4013: 'switchState' undefined; assuming extern returning int
C:\Users\selcu\Masaüstü\WorkAllDay\Embedded Systems\C_Independets\HelloWorld\main.c(52,18): warning C4013: 'whileLoop' undefined; assuming extern returning int
C:\Users\selcu\Masaüstü\WorkAllDay\Embedded Systems\C_Independets\HelloWorld\main.c(53,18): warning C4013: 'forLoop' undefined; assuming extern returning int
C:\Users\selcu\Masaüstü\WorkAllDay\Embedded Systems\C_Independets\HelloWorld\main.c(54,18): warning C4013: 'breakContinue' undefined; assuming extern returning int
C:\Users\selcu\Masaüstü\WorkAllDay\Embedded Systems\C_Independets\HelloWorld\main.c(55,18): warning C4013: 'functions' undefined; assuming extern returning int
C:\Users\selcu\Masaüstü\WorkAllDay\Embedded Systems\C_Independets\HelloWorld\main.c(56,18): warning C4013: 'varScope' undefined; assuming extern returning int
C:\Users\selcu\Masaüstü\WorkAllDay\Embedded Systems\C_Independets\HelloWorld\main.c(57,18): warning C4013: 'libFunc' undefined; assuming extern returning int
C:\Users\selcu\Masaüstü\WorkAllDay\Embedded Systems\C_Independets\HelloWorld\main.c(58,18): warning C4013: 'recursion' undefined; assuming extern returning int
C:\Users\selcu\Masaüstü\WorkAllDay\Embedded Systems\C_Independets\HelloWorld\main.c(59,18): warning C4013: 'arrays' undefined; assuming extern returning int
C:\Users\selcu\Masaüstü\WorkAllDay\Embedded Systems\C_Independets\HelloWorld\main.c(60,18): warning C4013: 'multiArrays' undefined; assuming extern returning int
C:\Users\selcu\Masaüstü\WorkAllDay\Embedded Systems\C_Independets\HelloWorld\main.c(61,18): warning C4013: 'cStrings' undefined; assuming extern returning int
C:\Users\selcu\Masaüstü\WorkAllDay\Embedded Systems\C_Independets\HelloWorld\main.c(97,5): warning C4013: 'system' undefined; assuming extern returning int
  Generating Code...
  HelloWorld.vcxproj -> C:\Users\selcu\Masaüstü\WorkAllDay\Embedded Systems\C_Independets\HelloWorld\x64\Debug\HelloWorld.exe
